<?xml version="1.0" encoding="UTF-8"?>
<?xml-stylesheet type="text/xsl" href="http://jsbsim.sourceforge.net/JSBSimScript.xsl"?>
<runscript xmlns:xsi="http://www.w3.org/2001/XMLSchema-instance"
    xsi:noNamespaceSchemaLocation="http://jsbsim.sf.net/JSBSimScript.xsd"
     name="C172-01A test - 1">
    <!--
	19:: { Standing:Idle }, StartEngine(), { Standing:Running }, ParkingBrakeOff()+IncreaseThrottle(), { Taxiing [Turns]}, IncreaseElevation(), { TakeOff },
	IncreaseElevation(), {Autopilot:Climb [Turns]}, DecreaseElevation(), {Autopilot:Cruise [Turns]}, DecreaseElevation(), {Autopilot:Descent [Turns]}, DecreaseElevation()+DecreaseThrottle(),
	{ Landing }, OpenLandingGear(), { Taxiing [Turns]}, DecreaseThrottle()+ParkingBrakeOn(), { Standing:Running }, EngineOff(), { Standing:Idle }
	-->
  <description>Testing C172 without turns - Straight</description>
  <use aircraft="c172x" initialize="reset00"/>
  <run start="0.0" end="600" dt="0.00833333">
 

    <event name="Terminate">
      <description>
        Terminate this simulation after specified time
      </description>
      <condition>
        sim-time-sec >= 600
      </condition>
      <set name="simulation/terminate" value="1"/>
      <notify/>
    </event>
  </run>
</runscript>

