<?xml version="1.0" encoding="UTF-8"?>
<?xml-stylesheet type="text/xsl" href="http://jsbsim.sourceforge.net/JSBSimScript.xsl"?>
<runscript xmlns:xsi="http://www.w3.org/2001/XMLSchema-instance"
    xsi:noNamespaceSchemaLocation="http://jsbsim.sf.net/JSBSimScript.xsd"
     name="C172-01A test - 1">
    <!--
	19:: { Standing:Idle }, StartEngine(), { Standing:Running }, ParkingBrakeOff()+IncreaseThrottle(), { Taxiing [Turns]}, IncreaseElevation(), { TakeOff },
	IncreaseElevation(), {Autopilot:Climb [Turns]}, DecreaseElevation(), {Autopilot:Cruise [Turns]}, DecreaseElevation(), {Autopilot:Descent [Turns]}, DecreaseElevation()+DecreaseThrottle(),
	{ Landing }, OpenLandingGear(), { Taxiing [Turns]}, DecreaseThrottle()+ParkingBrakeOn(), { Standing:Running }, EngineOff(), { Standing:Idle }
	-->
  <description>Testing C172 without turns - Straight</description>
  <use aircraft="c172x" initialize="reset00"/>
  <run start="0.0" end="600" dt="0.00833333">
 

<property> simulation/notify-time-trigger </property>
<property value="1"> fcs/left-brake-cmd-norm </property>
<property value="1"> fcs/right-brake-cmd-norm </property>
<property value="1"> fcs/center-brake-cmd-norm </property>
 <event name="Engine Start">
  <description>Start the engine</description>
  <condition> sim-time-sec >= 0.25 </condition>
  <set name="fcs/throttle-cmd-norm" value="1.00" action="FG_RAMP" tc ="0.5"/>
  <set name="fcs/mixture-cmd-norm" value="1.00" action="FG_RAMP" tc ="0.5"/>
  <set name="propulsion/magneto_cmd" value="3"/>
  <set name="propulsion/starter_cmd" value="1"/>
  <set name="ap/autopilot-roll-on" value="1"/>
  <set name="ap/roll-attitude-mode" value="0"/>
  <notify>
	<property>ap/hdg-roll-err-c1</property>
  </notify>
</event>

<property> simulation/notify-time-trigger </property>
<property value="1"> fcs/left-brake-cmd-norm </property>
<property value="1"> fcs/right-brake-cmd-norm </property>
<property value="1"> fcs/center-brake-cmd-norm </property>
 <event name="Engine Start">
  <description>Start the engine</description>
  <condition> sim-time-sec >= 0.25 </condition>
  <set name="fcs/throttle-cmd-norm" value="1.00" action="FG_RAMP" tc ="0.5"/>
  <set name="fcs/mixture-cmd-norm" value="1.00" action="FG_RAMP" tc ="0.5"/>
  <set name="propulsion/magneto_cmd" value="3"/>
  <set name="propulsion/starter_cmd" value="1"/>
  <set name="ap/autopilot-roll-on" value="1"/>
  <set name="ap/roll-attitude-mode" value="0"/>
  <notify>
	<property>ap/hdg-roll-err-c1</property>
  </notify>
</event>

<property> simulation/notify-time-trigger </property>
<property value="1"> fcs/left-brake-cmd-norm </property>
<property value="1"> fcs/right-brake-cmd-norm </property>
<property value="1"> fcs/center-brake-cmd-norm </property>
 <event name="Engine Start">
  <description>Start the engine</description>
  <condition> sim-time-sec >= 0.25 </condition>
  <set name="fcs/throttle-cmd-norm" value="1.00" action="FG_RAMP" tc ="0.5"/>
  <set name="fcs/mixture-cmd-norm" value="1.00" action="FG_RAMP" tc ="0.5"/>
  <set name="propulsion/magneto_cmd" value="3"/>
  <set name="propulsion/starter_cmd" value="1"/>
  <set name="ap/autopilot-roll-on" value="1"/>
  <set name="ap/roll-attitude-mode" value="0"/>
  <notify>
	<property>ap/hdg-roll-err-c1</property>
  </notify>
</event>

    <event name="Terminate">
      <description>
        Terminate this simulation after specified time
      </description>
      <condition>
        sim-time-sec >= 600
      </condition>
      <set name="simulation/terminate" value="1"/>
      <notify/>
    </event>
  </run>
</runscript>

